#
# There is insufficient memory for the Java Runtime Environment to continue.
# Native memory allocation (malloc) failed to allocate 32744 bytes for ChunkPool::allocate
# Possible reasons:
#   The system is out of physical RAM or swap space
#   In 32 bit mode, the process size limit was hit
# Possible solutions:
#   Reduce memory load on the system
#   Increase physical memory or swap space
#   Check if swap backing store is full
#   Use 64 bit Java on a 64 bit OS
#   Decrease Java heap size (-Xmx/-Xms)
#   Decrease number of Java threads
#   Decrease Java thread stack sizes (-Xss)
#   Set larger code cache with -XX:ReservedCodeCacheSize=
# This output file may be truncated or incomplete.
#
#  Out of Memory Error (allocation.cpp:273), pid=10132, tid=0x0000000000000d00
#
# JRE version: Java(TM) SE Runtime Environment (8.0_131-b11) (build 1.8.0_131-b11)
# Java VM: Java HotSpot(TM) 64-Bit Server VM (25.131-b11 mixed mode windows-amd64 compressed oops)
# Failed to write core dump. Minidumps are not enabled by default on client versions of Windows
#

---------------  T H R E A D  ---------------

Current thread (0x0000000018096800):  JavaThread "C2 CompilerThread1" daemon [_thread_in_native, id=3328, stack(0x0000000018670000,0x0000000018770000)]

Stack: [0x0000000018670000,0x0000000018770000]
[error occurred during error reporting (printing stack bounds), id 0xc0000005]

Native frames: (J=compiled Java code, j=interpreted, Vv=VM code, C=native code)


Current CompileTask:
C2:   6122 2198       4       java.net.URLClassLoader$1::run (5 bytes)


---------------  P R O C E S S  ---------------

Java Threads: ( => current thread )
  0x000000001811d000 JavaThread "Service Thread" daemon [_thread_blocked, id=10224, stack(0x0000000018870000,0x0000000018970000)]
  0x00000000180f8000 JavaThread "C1 CompilerThread2" daemon [_thread_in_vm, id=7020, stack(0x0000000018770000,0x0000000018870000)]
=>0x0000000018096800 JavaThread "C2 CompilerThread1" daemon [_thread_in_native, id=3328, stack(0x0000000018670000,0x0000000018770000)]
  0x000000001698d000 JavaThread "C2 CompilerThread0" daemon [_thread_blocked, id=8528, stack(0x0000000018570000,0x0000000018670000)]
  0x0000000016943000 JavaThread "Monitor Ctrl-Break" daemon [_thread_in_native, id=3316, stack(0x0000000018470000,0x0000000018570000)]
  0x000000001693c800 JavaThread "Attach Listener" daemon [_thread_blocked, id=6236, stack(0x0000000017f70000,0x0000000018070000)]
  0x0000000016988800 JavaThread "Signal Dispatcher" daemon [_thread_blocked, id=8476, stack(0x0000000017e70000,0x0000000017f70000)]
  0x000000001691e800 JavaThread "Finalizer" daemon [_thread_blocked, id=4216, stack(0x0000000017b80000,0x0000000017c80000)]
  0x0000000003106000 JavaThread "Reference Handler" daemon [_thread_blocked, id=1980, stack(0x0000000017a80000,0x0000000017b80000)]
  0x0000000003016000 JavaThread "main" [_thread_in_Java, id=5576, stack(0x0000000002cc0000,0x0000000002dc0000)]

Other Threads:
  0x00000000168f7000 VMThread [stack: 0x0000000017980000,0x0000000017a80000] [id=2376]
  0x00000000181c3000 WatcherThread [stack: 0x0000000018970000,0x0000000018a70000] [id=9368]

VM state:not at safepoint (normal execution)

VM Mutex/Monitor currently owned by a thread: None

Heap:
 PSYoungGen      total 40960K, used 8550K [0x00000000e0c00000, 0x00000000e3b00000, 0x0000000100000000)
  eden space 33792K, 17% used [0x00000000e0c00000,0x00000000e11c4c30,0x00000000e2d00000)
  from space 7168K, 36% used [0x00000000e3400000,0x00000000e3694f40,0x00000000e3b00000)
  to   space 7168K, 0% used [0x00000000e2d00000,0x00000000e2d00000,0x00000000e3400000)
 ParOldGen       total 43008K, used 6373K [0x00000000a2400000, 0x00000000a4e00000, 0x00000000e0c00000)
  object space 43008K, 14% used [0x00000000a2400000,0x00000000a2a39468,0x00000000a4e00000)
 Metaspace       used 23001K, capacity 23278K, committed 23472K, reserved 1069056K
  class space    used 2855K, capacity 2960K, committed 3072K, reserved 1048576K

Card table byte_map: [0x00000000124d0000,0x00000000127c0000] byte_map_base: 0x0000000011fbe000

Marking Bits: (ParMarkBitMap*) 0x000000007790c720
 Begin Bits: [0x0000000012dc0000, 0x0000000014530000)
 End Bits:   [0x0000000014530000, 0x0000000015ca0000)

Polling page: 0x0000000000f00000

CodeCache: size=245760Kb used=7995Kb max_used=7995Kb free=237764Kb
 bounds [0x0000000003110000, 0x00000000038f0000, 0x0000000012110000]
 total_blobs=2562 nmethods=2191 adapters=284
 compilation: enabled

Compilation events (10 events):
Event: 5.997 Thread 0x0000000018096800 2198       4       java.net.URLClassLoader$1::run (5 bytes)
Event: 6.106 Thread 0x00000000180f8000 2199       3       org.springframework.asm.Label::<init> (5 bytes)
Event: 6.107 Thread 0x00000000180f8000 nmethod 2199 0x0000000003263150 code [0x00000000032632a0, 0x0000000003263450]
Event: 6.107 Thread 0x00000000180f8000 2200       3       org.springframework.asm.ByteVector::putByte (39 bytes)
Event: 6.107 Thread 0x00000000180f8000 nmethod 2200 0x0000000003262c90 code [0x0000000003262e00, 0x0000000003263028]
Event: 6.108 Thread 0x00000000180f8000 2202       3       org.springframework.asm.Frame::merge (306 bytes)
Event: 6.109 Thread 0x00000000180f8000 nmethod 2202 0x0000000003261e10 code [0x0000000003262000, 0x00000000032629c8]
Event: 6.109 Thread 0x00000000180f8000 2203       3       org.springframework.asm.ByteVector::putShort (52 bytes)
Event: 6.110 Thread 0x00000000180f8000 nmethod 2203 0x00000000032618d0 code [0x0000000003261a40, 0x0000000003261c88]
Event: 6.110 Thread 0x00000000180f8000 2201       3       org.springframework.asm.Frame::execute (2252 bytes)

GC Heap History (10 events):
Event: 4.997 GC heap before
{Heap before GC invocations=7 (full 0):
 PSYoungGen      total 28160K, used 28129K [0x00000000e0c00000, 0x00000000e2b00000, 0x0000000100000000)
  eden space 24576K, 100% used [0x00000000e0c00000,0x00000000e2400000,0x00000000e2400000)
  from space 3584K, 99% used [0x00000000e2780000,0x00000000e2af86b8,0x00000000e2b00000)
  to   space 3584K, 0% used [0x00000000e2400000,0x00000000e2400000,0x00000000e2780000)
 ParOldGen       total 64512K, used 5966K [0x00000000a2400000, 0x00000000a6300000, 0x00000000e0c00000)
  object space 64512K, 9% used [0x00000000a2400000,0x00000000a29d38e0,0x00000000a6300000)
 Metaspace       used 19213K, capacity 19348K, committed 19584K, reserved 1067008K
  class space    used 2352K, capacity 2385K, committed 2432K, reserved 1048576K
Event: 5.006 GC heap after
Heap after GC invocations=7 (full 0):
 PSYoungGen      total 28160K, used 3562K [0x00000000e0c00000, 0x00000000e2b00000, 0x0000000100000000)
  eden space 24576K, 0% used [0x00000000e0c00000,0x00000000e0c00000,0x00000000e2400000)
  from space 3584K, 99% used [0x00000000e2400000,0x00000000e277ab48,0x00000000e2780000)
  to   space 3584K, 0% used [0x00000000e2780000,0x00000000e2780000,0x00000000e2b00000)
 ParOldGen       total 64512K, used 7676K [0x00000000a2400000, 0x00000000a6300000, 0x00000000e0c00000)
  object space 64512K, 11% used [0x00000000a2400000,0x00000000a2b7f330,0x00000000a6300000)
 Metaspace       used 19213K, capacity 19348K, committed 19584K, reserved 1067008K
  class space    used 2352K, capacity 2385K, committed 2432K, reserved 1048576K
}
Event: 5.256 GC heap before
{Heap before GC invocations=8 (full 0):
 PSYoungGen      total 28160K, used 27085K [0x00000000e0c00000, 0x00000000e2b00000, 0x0000000100000000)
  eden space 24576K, 95% used [0x00000000e0c00000,0x00000000e22f8910,0x00000000e2400000)
  from space 3584K, 99% used [0x00000000e2400000,0x00000000e277ab48,0x00000000e2780000)
  to   space 3584K, 0% used [0x00000000e2780000,0x00000000e2780000,0x00000000e2b00000)
 ParOldGen       total 64512K, used 7676K [0x00000000a2400000, 0x00000000a6300000, 0x00000000e0c00000)
  object space 64512K, 11% used [0x00000000a2400000,0x00000000a2b7f330,0x00000000a6300000)
 Metaspace       used 20983K, capacity 21202K, committed 21296K, reserved 1069056K
  class space    used 2557K, capacity 2662K, committed 2688K, reserved 1048576K
Event: 5.263 GC heap after
Heap after GC invocations=8 (full 0):
 PSYoungGen      total 28160K, used 3452K [0x00000000e0c00000, 0x00000000e2b00000, 0x0000000100000000)
  eden space 24576K, 0% used [0x00000000e0c00000,0x00000000e0c00000,0x00000000e2400000)
  from space 3584K, 96% used [0x00000000e2780000,0x00000000e2adf1e8,0x00000000e2b00000)
  to   space 3584K, 0% used [0x00000000e2400000,0x00000000e2400000,0x00000000e2780000)
 ParOldGen       total 64512K, used 8350K [0x00000000a2400000, 0x00000000a6300000, 0x00000000e0c00000)
  object space 64512K, 12% used [0x00000000a2400000,0x00000000a2c27b60,0x00000000a6300000)
 Metaspace       used 20983K, capacity 21202K, committed 21296K, reserved 1069056K
  class space    used 2557K, capacity 2662K, committed 2688K, reserved 1048576K
}
Event: 5.263 GC heap before
{Heap before GC invocations=9 (full 1):
 PSYoungGen      total 28160K, used 3452K [0x00000000e0c00000, 0x00000000e2b00000, 0x0000000100000000)
  eden space 24576K, 0% used [0x00000000e0c00000,0x00000000e0c00000,0x00000000e2400000)
  from space 3584K, 96% used [0x00000000e2780000,0x00000000e2adf1e8,0x00000000e2b00000)
  to   space 3584K, 0% used [0x00000000e2400000,0x00000000e2400000,0x00000000e2780000)
 ParOldGen       total 64512K, used 8350K [0x00000000a2400000, 0x00000000a6300000, 0x00000000e0c00000)
  object space 64512K, 12% used [0x00000000a2400000,0x00000000a2c27b60,0x00000000a6300000)
 Metaspace       used 20983K, capacity 21202K, committed 21296K, reserved 1069056K
  class space    used 2557K, capacity 2662K, committed 2688K, reserved 1048576K
Event: 5.327 GC heap after
Heap after GC invocations=9 (full 1):
 PSYoungGen      total 28160K, used 0K [0x00000000e0c00000, 0x00000000e2b00000, 0x0000000100000000)
  eden space 24576K, 0% used [0x00000000e0c00000,0x00000000e0c00000,0x00000000e2400000)
  from space 3584K, 0% used [0x00000000e2780000,0x00000000e2780000,0x00000000e2b00000)
  to   space 3584K, 0% used [0x00000000e2400000,0x00000000e2400000,0x00000000e2780000)
 ParOldGen       total 43008K, used 6357K [0x00000000a2400000, 0x00000000a4e00000, 0x00000000e0c00000)
  object space 43008K, 14% used [0x00000000a2400000,0x00000000a2a35468,0x00000000a4e00000)
 Metaspace       used 20983K, capacity 21202K, committed 21296K, reserved 1069056K
  class space    used 2557K, capacity 2662K, committed 2688K, reserved 1048576K
}
Event: 5.581 GC heap before
{Heap before GC invocations=10 (full 1):
 PSYoungGen      total 28160K, used 24576K [0x00000000e0c00000, 0x00000000e2b00000, 0x0000000100000000)
  eden space 24576K, 100% used [0x00000000e0c00000,0x00000000e2400000,0x00000000e2400000)
  from space 3584K, 0% used [0x00000000e2780000,0x00000000e2780000,0x00000000e2b00000)
  to   space 3584K, 0% used [0x00000000e2400000,0x00000000e2400000,0x00000000e2780000)
 ParOldGen       total 43008K, used 6357K [0x00000000a2400000, 0x00000000a4e00000, 0x00000000e0c00000)
  object space 43008K, 14% used [0x00000000a2400000,0x00000000a2a35468,0x00000000a4e00000)
 Metaspace       used 21266K, capacity 21514K, committed 21680K, reserved 1069056K
  class space    used 2601K, capacity 2698K, committed 2816K, reserved 1048576K
Event: 5.586 GC heap after
Heap after GC invocations=10 (full 1):
 PSYoungGen      total 28160K, used 987K [0x00000000e0c00000, 0x00000000e3b00000, 0x0000000100000000)
  eden space 24576K, 0% used [0x00000000e0c00000,0x00000000e0c00000,0x00000000e2400000)
  from space 3584K, 27% used [0x00000000e2400000,0x00000000e24f6d60,0x00000000e2780000)
  to   space 7168K, 0% used [0x00000000e3400000,0x00000000e3400000,0x00000000e3b00000)
 ParOldGen       total 43008K, used 6365K [0x00000000a2400000, 0x00000000a4e00000, 0x00000000e0c00000)
  object space 43008K, 14% used [0x00000000a2400000,0x00000000a2a37468,0x00000000a4e00000)
 Metaspace       used 21266K, capacity 21514K, committed 21680K, reserved 1069056K
  class space    used 2601K, capacity 2698K, committed 2816K, reserved 1048576K
}
Event: 5.978 GC heap before
{Heap before GC invocations=11 (full 1):
 PSYoungGen      total 28160K, used 25563K [0x00000000e0c00000, 0x00000000e3b00000, 0x0000000100000000)
  eden space 24576K, 100% used [0x00000000e0c00000,0x00000000e2400000,0x00000000e2400000)
  from space 3584K, 27% used [0x00000000e2400000,0x00000000e24f6d60,0x00000000e2780000)
  to   space 7168K, 0% used [0x00000000e3400000,0x00000000e3400000,0x00000000e3b00000)
 ParOldGen       total 43008K, used 6365K [0x00000000a2400000, 0x00000000a4e00000, 0x00000000e0c00000)
  object space 43008K, 14% used [0x00000000a2400000,0x00000000a2a37468,0x00000000a4e00000)
 Metaspace       used 22560K, capacity 22830K, committed 23088K, reserved 1069056K
  class space    used 2795K, capacity 2896K, committed 2944K, reserved 1048576K
Event: 5.984 GC heap after
Heap after GC invocations=11 (full 1):
 PSYoungGen      total 40960K, used 2643K [0x00000000e0c00000, 0x00000000e3b00000, 0x0000000100000000)
  eden space 33792K, 0% used [0x00000000e0c00000,0x00000000e0c00000,0x00000000e2d00000)
  from space 7168K, 36% used [0x00000000e3400000,0x00000000e3694f40,0x00000000e3b00000)
  to   space 7168K, 0% used [0x00000000e2d00000,0x00000000e2d00000,0x00000000e3400000)
 ParOldGen       total 43008K, used 6373K [0x00000000a2400000, 0x00000000a4e00000, 0x00000000e0c00000)
  object space 43008K, 14% used [0x00000000a2400000,0x00000000a2a39468,0x00000000a4e00000)
 Metaspace       used 22560K, capacity 22830K, committed 23088K, reserved 1069056K
  class space    used 2795K, capacity 2896K, committed 2944K, reserved 1048576K
}

Deoptimization events (10 events):
Event: 5.119 Thread 0x0000000003016000 Uncommon trap: reason=bimorphic action=maybe_recompile pc=0x00000000033e0aa8 method=java.util.HashMap.putVal(ILjava/lang/Object;Ljava/lang/Object;ZZ)Ljava/lang/Object; @ 203
Event: 5.120 Thread 0x0000000003016000 Uncommon trap: reason=bimorphic action=maybe_recompile pc=0x00000000033e0aa8 method=java.util.HashMap.putVal(ILjava/lang/Object;Ljava/lang/Object;ZZ)Ljava/lang/Object; @ 203
Event: 5.170 Thread 0x0000000019ad4000 Uncommon trap: reason=predicate action=maybe_recompile pc=0x000000000343c5c8 method=java.lang.String.regionMatches(ZILjava/lang/String;II)Z @ 63
Event: 5.218 Thread 0x0000000019ad4000 Uncommon trap: reason=unstable_if action=reinterpret pc=0x00000000033dd170 method=java.util.HashMap.hash(Ljava/lang/Object;)I @ 1
Event: 5.504 Thread 0x0000000003016000 Uncommon trap: reason=predicate action=maybe_recompile pc=0x00000000038138b8 method=java.util.AbstractCollection.toArray([Ljava/lang/Object;)[Ljava/lang/Object; @ 49
Event: 5.544 Thread 0x0000000003016000 Uncommon trap: reason=array_check action=maybe_recompile pc=0x000000000383486c method=java.util.AbstractCollection.toArray([Ljava/lang/Object;)[Ljava/lang/Object; @ 119
Event: 5.544 Thread 0x0000000003016000 Uncommon trap: reason=array_check action=maybe_recompile pc=0x000000000383486c method=java.util.AbstractCollection.toArray([Ljava/lang/Object;)[Ljava/lang/Object; @ 119
Event: 5.544 Thread 0x0000000003016000 Uncommon trap: reason=array_check action=maybe_recompile pc=0x000000000383486c method=java.util.AbstractCollection.toArray([Ljava/lang/Object;)[Ljava/lang/Object; @ 119
Event: 5.549 Thread 0x0000000003016000 Uncommon trap: reason=array_check action=maybe_recompile pc=0x000000000383486c method=java.util.AbstractCollection.toArray([Ljava/lang/Object;)[Ljava/lang/Object; @ 119
Event: 5.591 Thread 0x0000000003016000 Uncommon trap: reason=class_check action=maybe_recompile pc=0x00000000034f74d4 method=java.util.concurrent.ConcurrentHashMap.putVal(Ljava/lang/Object;Ljava/lang/Object;Z)Ljava/lang/Object; @ 192

Internal exceptions (10 events):
Event: 3.749 Thread 0x0000000003016000 Exception <a 'java/lang/ClassNotFoundException': org/springframework/context/annotation/ConfigurationClassPostProcessorCustomizer> (0x00000000e160eca0) thrown at [C:\re\workspace\8-2-build-windows-amd64-cygwin\jdk8u131\8869\hotspot\src\share\vm\classfile\
Event: 3.755 Thread 0x0000000003016000 Exception <a 'java/lang/ClassNotFoundException': org/springframework/beans/factory/support/BeanDefinitionRegistryPostProcessorCustomizer> (0x00000000e1640740) thrown at [C:\re\workspace\8-2-build-windows-amd64-cygwin\jdk8u131\8869\hotspot\src\share\vm\cla
Event: 3.756 Thread 0x0000000003016000 Exception <a 'java/lang/ClassNotFoundException': org/springframework/core/PriorityOrderedCustomizer> (0x00000000e16566d0) thrown at [C:\re\workspace\8-2-build-windows-amd64-cygwin\jdk8u131\8869\hotspot\src\share\vm\classfile\systemDictionary.cpp, line 210
Event: 3.757 Thread 0x0000000003016000 Exception <a 'java/lang/ClassNotFoundException': org/springframework/context/ResourceLoaderAwareCustomizer> (0x00000000e166d828) thrown at [C:\re\workspace\8-2-build-windows-amd64-cygwin\jdk8u131\8869\hotspot\src\share\vm\classfile\systemDictionary.cpp, l
Event: 3.765 Thread 0x0000000003016000 Exception <a 'java/lang/ClassNotFoundException': org/springframework/beans/factory/BeanClassLoaderAwareCustomizer> (0x00000000e1707578) thrown at [C:\re\workspace\8-2-build-windows-amd64-cygwin\jdk8u131\8869\hotspot\src\share\vm\classfile\systemDictionary
Event: 3.769 Thread 0x0000000003016000 Exception <a 'java/lang/ClassNotFoundException': org/springframework/context/EnvironmentAwareCustomizer> (0x00000000e171ecc8) thrown at [C:\re\workspace\8-2-build-windows-amd64-cygwin\jdk8u131\8869\hotspot\src\share\vm\classfile\systemDictionary.cpp, line
Event: 5.108 Thread 0x0000000003016000 Exception <a 'java/io/FileNotFoundException'> (0x00000000e149fbe0) thrown at [C:\re\workspace\8-2-build-windows-amd64-cygwin\jdk8u131\8869\hotspot\src\share\vm\prims\jni.cpp, line 709]
Event: 5.145 Thread 0x0000000019ad4000 Exception <a 'java/lang/NoSuchFieldError': method resolution failed> (0x00000000e1820cb8) thrown at [C:\re\workspace\8-2-build-windows-amd64-cygwin\jdk8u131\8869\hotspot\src\share\vm\prims\methodHandles.cpp, line 1146]
Event: 5.149 Thread 0x0000000019ad4000 Exception <a 'java/lang/NoSuchFieldError': method resolution failed> (0x00000000e182ec18) thrown at [C:\re\workspace\8-2-build-windows-amd64-cygwin\jdk8u131\8869\hotspot\src\share\vm\prims\methodHandles.cpp, line 1146]
Event: 5.218 Thread 0x0000000019ad4000 Implicit null exception at 0x00000000033dd0d8 to 0x00000000033dd166

Events (10 events):
Event: 6.103 loading class org/springframework/cglib/core/Local
Event: 6.103 loading class org/springframework/cglib/core/Local done
Event: 6.105 loading class org/springframework/cglib/core/EmitUtils$8
Event: 6.105 loading class org/springframework/cglib/core/EmitUtils$8 done
Event: 6.108 loading class org/springframework/cglib/core/EmitUtils$9
Event: 6.108 loading class org/springframework/cglib/core/EmitUtils$9 done
Event: 6.111 loading class org/springframework/asm/Handler
Event: 6.113 loading class org/springframework/asm/Handler done
Event: 6.115 loading class org/springframework/cglib/core/DebuggingClassWriter$1
Event: 6.115 loading class org/springframework/cglib/core/DebuggingClassWriter$1 done


Dynamic libraries:
0x00007ff7d8d30000 - 0x00007ff7d8d67000 	C:\Program Files\Java\jdk1.8.0_131\bin\java.exe
0x00007ffa7f9a0000 - 0x00007ffa7fb7b000 	C:\Windows\SYSTEM32\ntdll.dll
0x00007ffa7f5f0000 - 0x00007ffa7f69e000 	C:\Windows\System32\KERNEL32.DLL
0x00007ffa7cbc0000 - 0x00007ffa7ce09000 	C:\Windows\System32\KERNELBASE.dll
0x00007ffa7e660000 - 0x00007ffa7e701000 	C:\Windows\System32\ADVAPI32.dll
0x00007ffa7e340000 - 0x00007ffa7e3dd000 	C:\Windows\System32\msvcrt.dll
0x00007ffa7f290000 - 0x00007ffa7f2e9000 	C:\Windows\System32\sechost.dll
0x00007ffa7e940000 - 0x00007ffa7ea65000 	C:\Windows\System32\RPCRT4.dll
0x00007ffa7ea70000 - 0x00007ffa7ebba000 	C:\Windows\System32\USER32.dll
0x00007ffa7bec0000 - 0x00007ffa7bede000 	C:\Windows\System32\win32u.dll
0x00007ffa7e890000 - 0x00007ffa7e8b7000 	C:\Windows\System32\GDI32.dll
0x00007ffa7c860000 - 0x00007ffa7c9e8000 	C:\Windows\System32\gdi32full.dll
0x00007ffa7ce10000 - 0x00007ffa7ceaa000 	C:\Windows\System32\msvcp_win.dll
0x00007ffa7cac0000 - 0x00007ffa7cbb6000 	C:\Windows\System32\ucrtbase.dll
0x00007ffa728e0000 - 0x00007ffa72b47000 	C:\Windows\WinSxS\amd64_microsoft.windows.common-controls_6595b64144ccf1df_6.0.15063.483_none_26002d27e7c744a2\COMCTL32.dll
0x00007ffa7f6a0000 - 0x00007ffa7f999000 	C:\Windows\System32\combase.dll
0x00007ffa7c9f0000 - 0x00007ffa7ca5a000 	C:\Windows\System32\bcryptPrimitives.dll
0x00007ffa7f000000 - 0x00007ffa7f02d000 	C:\Windows\System32\IMM32.DLL
0x0000000077990000 - 0x0000000077a62000 	C:\Program Files\Java\jdk1.8.0_131\jre\bin\msvcr100.dll
0x00000000770f0000 - 0x000000007798c000 	C:\Program Files\Java\jdk1.8.0_131\jre\bin\server\jvm.dll
0x00007ffa7e880000 - 0x00007ffa7e888000 	C:\Windows\System32\PSAPI.DLL
0x00007ffa5fcb0000 - 0x00007ffa5fcb9000 	C:\Windows\SYSTEM32\WSOCK32.dll
0x00007ffa7e510000 - 0x00007ffa7e57c000 	C:\Windows\System32\WS2_32.dll
0x00007ffa79120000 - 0x00007ffa79143000 	C:\Windows\SYSTEM32\WINMM.dll
0x00007ffa77310000 - 0x00007ffa7731a000 	C:\Windows\SYSTEM32\VERSION.dll
0x00007ffa790f0000 - 0x00007ffa7911b000 	C:\Windows\SYSTEM32\WINMMBASE.dll
0x00007ffa7ceb0000 - 0x00007ffa7cef9000 	C:\Windows\System32\cfgmgr32.dll
0x00000000770e0000 - 0x00000000770ef000 	C:\Program Files\Java\jdk1.8.0_131\jre\bin\verify.dll
0x00000000770b0000 - 0x00000000770d9000 	C:\Program Files\Java\jdk1.8.0_131\jre\bin\java.dll
0x0000000077080000 - 0x00000000770a3000 	C:\Program Files\Java\jdk1.8.0_131\jre\bin\instrument.dll
0x0000000077060000 - 0x0000000077076000 	C:\Program Files\Java\jdk1.8.0_131\jre\bin\zip.dll
0x00007ffa7cf00000 - 0x00007ffa7e336000 	C:\Windows\System32\SHELL32.dll
0x00007ffa7e3f0000 - 0x00007ffa7e49a000 	C:\Windows\System32\shcore.dll
0x00007ffa7bee0000 - 0x00007ffa7c5d3000 	C:\Windows\System32\windows.storage.dll
0x00007ffa7e4b0000 - 0x00007ffa7e501000 	C:\Windows\System32\shlwapi.dll
0x00007ffa7be80000 - 0x00007ffa7be91000 	C:\Windows\System32\kernel.appcore.dll
0x00007ffa7be30000 - 0x00007ffa7be7c000 	C:\Windows\System32\powrprof.dll
0x00007ffa7bea0000 - 0x00007ffa7beb5000 	C:\Windows\System32\profapi.dll
0x00007ffa5e690000 - 0x00007ffa5e6aa000 	C:\Program Files\JetBrains\IntelliJ IDEA 2017.2.1\bin\breakgen64.dll
0x0000000077040000 - 0x000000007705a000 	C:\Program Files\Java\jdk1.8.0_131\jre\bin\net.dll
0x00007ffa7b720000 - 0x00007ffa7b77c000 	C:\Windows\system32\mswsock.dll
0x0000000077030000 - 0x000000007703d000 	C:\Program Files\Java\jdk1.8.0_131\jre\bin\management.dll
0x00007ffa681d0000 - 0x00007ffa681e6000 	C:\Windows\system32\napinsp.dll
0x00007ffa681b0000 - 0x00007ffa681ca000 	C:\Windows\system32\pnrpnsp.dll
0x00007ffa73f40000 - 0x00007ffa73f58000 	C:\Windows\system32\NLAapi.dll
0x00007ffa7b500000 - 0x00007ffa7b5a4000 	C:\Windows\SYSTEM32\DNSAPI.dll
0x00007ffa7e3e0000 - 0x00007ffa7e3e8000 	C:\Windows\System32\NSI.dll
0x00007ffa7b4c0000 - 0x00007ffa7b4f7000 	C:\Windows\SYSTEM32\IPHLPAPI.DLL
0x00007ffa681a0000 - 0x00007ffa681ae000 	C:\Windows\System32\winrnr.dll
0x00007ffa68180000 - 0x00007ffa68195000 	C:\Windows\System32\wshbth.dll
0x00007ffa66b80000 - 0x00007ffa66b8a000 	C:\Windows\System32\rasadhlp.dll
0x00007ffa70c00000 - 0x00007ffa70c6b000 	C:\Windows\System32\fwpuclnt.dll
0x00007ffa7b9d0000 - 0x00007ffa7b9f5000 	C:\Windows\SYSTEM32\bcrypt.dll
0x0000000077010000 - 0x0000000077021000 	C:\Program Files\Java\jdk1.8.0_131\jre\bin\nio.dll

VM Arguments:
jvm_args: -ea -Didea.test.cyclic.buffer.size=1048576 -javaagent:C:\Program Files\JetBrains\IntelliJ IDEA 2017.2.1\lib\idea_rt.jar=4646:C:\Program Files\JetBrains\IntelliJ IDEA 2017.2.1\bin -Dfile.encoding=UTF-8 
java_command: com.intellij.rt.execution.junit.JUnitStarter -ideVersion5 -junit4 com.sadiki.tpcontact.TpContactApplicationTests,contextLoads
java_class_path (initial): C:\Program Files\JetBrains\IntelliJ IDEA 2017.2.1\lib\idea_rt.jar;C:\Program Files\JetBrains\IntelliJ IDEA 2017.2.1\plugins\junit\lib\junit-rt.jar;C:\Program Files\JetBrains\IntelliJ IDEA 2017.2.1\plugins\junit\lib\junit5-rt.jar;C:\Program Files\Java\jdk1.8.0_131\jre\lib\charsets.jar;C:\Program Files\Java\jdk1.8.0_131\jre\lib\deploy.jar;C:\Program Files\Java\jdk1.8.0_131\jre\lib\ext\access-bridge-64.jar;C:\Program Files\Java\jdk1.8.0_131\jre\lib\ext\cldrdata.jar;C:\Program Files\Java\jdk1.8.0_131\jre\lib\ext\dnsns.jar;C:\Program Files\Java\jdk1.8.0_131\jre\lib\ext\jaccess.jar;C:\Program Files\Java\jdk1.8.0_131\jre\lib\ext\jfxrt.jar;C:\Program Files\Java\jdk1.8.0_131\jre\lib\ext\localedata.jar;C:\Program Files\Java\jdk1.8.0_131\jre\lib\ext\nashorn.jar;C:\Program Files\Java\jdk1.8.0_131\jre\lib\ext\sunec.jar;C:\Program Files\Java\jdk1.8.0_131\jre\lib\ext\sunjce_provider.jar;C:\Program Files\Java\jdk1.8.0_131\jre\lib\ext\sunmscapi.jar;C:\Program Files\Java\jdk1.8.0_131\jre\lib\ext\sunpkcs11.jar;C:\Program Files\Java\jdk1.8.0_131\jre\lib\ext\zipfs.jar;C:\Program Files\Java\jdk1.8.0_131\jre\lib\javaws.jar;C:\Program Files\Java\jdk1.8.0_131\jre\lib\jce.jar;C:\Program Files\Java\jdk1.8.0_131\jre\lib\jfr.jar;C:\Program Files\Java\jdk1.8.0_131\jre\lib\jfxswt.jar;C:\Program Files\Java\jdk1.8.0_131\jre\lib\jsse.jar;C:\Program Files\Java\jdk1.8.0_131\jre\lib\management-agent.jar;C:\Program Files\Java\jdk1.8.0_131\jre\lib\plugin.jar;C:\Program Files\Java\jdk1.8.0_131\jre\lib\resources.jar;C:\Program Files\Java\jdk1.8.0_131\jre\lib\rt.jar;D:\Etude\GLSID\workspace\tpcontact\target\test-classes;D:\Etude\GLSID\workspace\tpcontact\target\classes;C:\Users\X-MART\.m2\repository\org\springframework\boot\spring-boot-starter-data-jpa\1.5.7.RELEASE\spring-boot-starter-data-jpa-1.5.7.RELEASE.jar;C:\Users\X-MART\.m2\repository\org\springframework\boot\spring-boot-starter\1.5.7.RELEASE\spring-boot-starter-1.5.7.RELEASE.jar;C:\Users\X-MART\.m2\repository\org\spring
Launcher Type: SUN_STANDARD

Environment Variables:
JAVA_HOME=C:\Program Files\Java\jdk1.8.0_131
PATH=C:\ProgramData\Oracle\Java\javapath;C:\Windows\system32;C:\Windows;C:\Windows\System32\Wbem;C:\Windows\System32\WindowsPowerShell\v1.0\;C:\Program Files\Intel\WiFi\bin\;C:\Program Files\Common Files\Intel\WirelessCommon\;C:\Program Files\Java\jdk1.8.0_131\bin;C:\Program Files\nodejs\;C:\Tools\apache-maven-3.5.0\bin;C:\Program Files\Java\jre1.8.0_131\bin;C:\Program Files\PostgreSQL\pg96\bin;C:\Program Files\Microsoft SQL Server\130\Tools\Binn\;C:\Program Files\dotnet\;C:\Program Files\Git\cmd;C:\Users\X-MART\AppData\Local\Microsoft\WindowsApps;C:\Program Files\Intel\WiFi\bin\;C:\Program Files\Common Files\Intel\WirelessCommon\;C:\Users\X-MART\AppData\Roaming\npm;C:\Tools\groovy\groovy-2.4.11\bin;C:\Tools\gradle\gradle-4.0\bin;C:\Tools\Spring-boot-cli\spring-1.5.4.RELEASE\bin;
USERNAME=X-MART
OS=Windows_NT
PROCESSOR_IDENTIFIER=Intel64 Family 6 Model 37 Stepping 5, GenuineIntel



---------------  S Y S T E M  ---------------

OS: Windows 10.0 , 64 bit Build 15063 (10.0.15063.296)

CPU:total 4 (initial active 4) (2 cores per cpu, 2 threads per core) family 6 model 37 stepping 5, cmov, cx8, fxsr, mmx, sse, sse2, sse3, ssse3, sse4.1, sse4.2, popcnt, aes, clmul, ht, tsc, tscinvbit

Memory: 4k page, physical 6143360k(265528k free), swap 7191936k(3104k free)

vm_info: Java HotSpot(TM) 64-Bit Server VM (25.131-b11) for windows-amd64 JRE (1.8.0_131-b11), built on Mar 15 2017 01:23:53 by "java_re" with MS VC++ 10.0 (VS2010)

time: Mon Oct 09 00:23:50 2017
elapsed time: 6 seconds (0d 0h 0m 6s)

